{"C:\\Users\\User\\Desktop\\storybook-assignment\\my-app\\frontend\\src\\components\\Atoms\\Button\\index.tsx": {"path":"C:\\Users\\User\\Desktop\\storybook-assignment\\my-app\\frontend\\src\\components\\Atoms\\Button\\index.tsx","statementMap":{"0":{"start":{"line":13,"column":15},"end":{"line":23,"column":1}},"1":{"start":{"line":17,"column":2},"end":{"line":21,"column":3}},"2":{"start":{"line":24,"column":0},"end":{"line":26,"column":1}}},"fnMap":{"0":{"name":"(anonymous_0)","decl":{"start":{"line":13,"column":15},"end":{"line":13,"column":16}},"loc":{"start":{"line":13,"column":78},"end":{"line":23,"column":1}},"line":13}},"branchMap":{},"s":{"0":1,"1":2,"2":1},"f":{"0":2},"b":{},"_coverageSchema":"1a1c01bbd47fc00a2c39e90264f33305004495a9","hash":"096a62ee4fe73176dee4924ce8fc158f5dc9606a"}
,"C:\\Users\\User\\Desktop\\storybook-assignment\\my-app\\frontend\\src\\components\\Atoms\\CheckBox\\index.tsx": {"path":"C:\\Users\\User\\Desktop\\storybook-assignment\\my-app\\frontend\\src\\components\\Atoms\\CheckBox\\index.tsx","statementMap":{"0":{"start":{"line":10,"column":16},"end":{"line":15,"column":1}},"1":{"start":{"line":11,"column":2},"end":{"line":14,"column":4}}},"fnMap":{"0":{"name":"(anonymous_0)","decl":{"start":{"line":10,"column":16},"end":{"line":10,"column":17}},"loc":{"start":{"line":10,"column":74},"end":{"line":15,"column":1}},"line":10}},"branchMap":{},"s":{"0":1,"1":1},"f":{"0":1},"b":{},"_coverageSchema":"1a1c01bbd47fc00a2c39e90264f33305004495a9","hash":"b055924b7329b4ec0853f45fba7e144fa467c260"}
,"C:\\Users\\User\\Desktop\\storybook-assignment\\my-app\\frontend\\src\\components\\Atoms\\TextField\\index.tsx": {"path":"C:\\Users\\User\\Desktop\\storybook-assignment\\my-app\\frontend\\src\\components\\Atoms\\TextField\\index.tsx","statementMap":{"0":{"start":{"line":17,"column":19},"end":{"line":23,"column":1}},"1":{"start":{"line":20,"column":2},"end":{"line":22,"column":3}}},"fnMap":{"0":{"name":"(anonymous_0)","decl":{"start":{"line":17,"column":19},"end":{"line":17,"column":20}},"loc":{"start":{"line":17,"column":106},"end":{"line":23,"column":1}},"line":17}},"branchMap":{},"s":{"0":1,"1":1},"f":{"0":1},"b":{},"_coverageSchema":"1a1c01bbd47fc00a2c39e90264f33305004495a9","hash":"d38d9cc058a009061233e10847c26318b884d327"}
,"C:\\Users\\User\\Desktop\\storybook-assignment\\my-app\\frontend\\src\\components\\Atoms\\Typography\\index.tsx": {"path":"C:\\Users\\User\\Desktop\\storybook-assignment\\my-app\\frontend\\src\\components\\Atoms\\Typography\\index.tsx","statementMap":{"0":{"start":{"line":16,"column":19},"end":{"line":23,"column":1}},"1":{"start":{"line":17,"column":2},"end":{"line":22,"column":4}}},"fnMap":{"0":{"name":"(anonymous_0)","decl":{"start":{"line":16,"column":19},"end":{"line":16,"column":20}},"loc":{"start":{"line":16,"column":78},"end":{"line":23,"column":1}},"line":16}},"branchMap":{},"s":{"0":1,"1":1},"f":{"0":1},"b":{},"_coverageSchema":"1a1c01bbd47fc00a2c39e90264f33305004495a9","hash":"10519084ee398f52be3969db6fc3db4fe8fcab4f"}
}
